{"/Users/pandora/VS_Code_Projects/appControllerAI/src/config.ts": {"path":"/Users/pandora/VS_Code_Projects/appControllerAI/src/config.ts","statementMap":{"0":{"start":{"line":1,"column":13},"end":{"line":9,"column":2}}},"fnMap":{},"branchMap":{"0":{"loc":{"start":{"line":3,"column":12},"end":{"line":3,"column":78}},"type":"binary-expr","locations":[{"start":{"line":3,"column":12},"end":{"line":3,"column":43}},{"start":{"line":3,"column":47},"end":{"line":3,"column":78}}]}},"s":{"0":0},"f":{},"b":{"0":[0,0]}}
,"/Users/pandora/VS_Code_Projects/appControllerAI/src/config/config.ts": {"path":"/Users/pandora/VS_Code_Projects/appControllerAI/src/config/config.ts","statementMap":{"0":{"start":{"line":5,"column":16},"end":{"line":5,"column":33}},"1":{"start":{"line":6,"column":2},"end":{"line":8,"column":3}},"2":{"start":{"line":7,"column":4},"end":{"line":7,"column":64}},"3":{"start":{"line":9,"column":2},"end":{"line":9,"column":15}},"4":{"start":{"line":12,"column":13},"end":{"line":40,"column":2}}},"fnMap":{"0":{"name":"requireEnv","decl":{"start":{"line":4,"column":9},"end":{"line":4,"column":19}},"loc":{"start":{"line":4,"column":32},"end":{"line":10,"column":1}}}},"branchMap":{"0":{"loc":{"start":{"line":6,"column":2},"end":{"line":8,"column":3}},"type":"if","locations":[{"start":{"line":6,"column":2},"end":{"line":8,"column":3}}]}},"s":{"0":0,"1":0,"2":0,"3":0,"4":0},"f":{"0":0},"b":{"0":[0]}}
,"/Users/pandora/VS_Code_Projects/appControllerAI/src/config/performance.ts": {"path":"/Users/pandora/VS_Code_Projects/appControllerAI/src/config/performance.ts","statementMap":{"0":{"start":{"line":1,"column":13},"end":{"line":18,"column":2}}},"fnMap":{},"branchMap":{},"s":{"0":0},"f":{},"b":{}}
,"/Users/pandora/VS_Code_Projects/appControllerAI/src/controllers/BaseController.ts": {"path":"/Users/pandora/VS_Code_Projects/appControllerAI/src/controllers/BaseController.ts","statementMap":{"0":{"start":{"line":2,"column":0},"end":{"line":2,"column":41}},"1":{"start":{"line":9,"column":19},"end":{"line":9,"column":43}},"2":{"start":{"line":17,"column":22},"end":{"line":17,"column":39}},"3":{"start":{"line":18,"column":27},"end":{"line":18,"column":47}},"4":{"start":{"line":20,"column":4},"end":{"line":37,"column":5}},"5":{"start":{"line":21,"column":21},"end":{"line":24,"column":8}},"6":{"start":{"line":26,"column":28},"end":{"line":26,"column":57}},"7":{"start":{"line":27,"column":6},"end":{"line":27,"column":61}},"8":{"start":{"line":29,"column":6},"end":{"line":31,"column":22}},"9":{"start":{"line":33,"column":6},"end":{"line":33,"column":35}},"10":{"start":{"line":36,"column":6},"end":{"line":36,"column":21}},"11":{"start":{"line":53,"column":4},"end":{"line":59,"column":5}},"12":{"start":{"line":54,"column":6},"end":{"line":54,"column":53}},"13":{"start":{"line":55,"column":11},"end":{"line":59,"column":5}},"14":{"start":{"line":56,"column":6},"end":{"line":56,"column":61}},"15":{"start":{"line":58,"column":6},"end":{"line":58,"column":63}},"16":{"start":{"line":63,"column":4},"end":{"line":63,"column":69}},"17":{"start":{"line":67,"column":4},"end":{"line":69,"column":6}},"18":{"start":{"line":68,"column":6},"end":{"line":68,"column":82}},"19":{"start":{"line":68,"column":23},"end":{"line":68,"column":59}},"20":{"start":{"line":74,"column":4},"end":{"line":74,"column":18}},"21":{"start":{"line":8,"column":0},"end":{"line":8,"column":22}}},"fnMap":{"0":{"name":"(anonymous_0)","decl":{"start":{"line":8,"column":0},"end":{"line":8,"column":22}},"loc":{"start":{"line":8,"column":0},"end":{"line":76,"column":1}}},"1":{"name":"(anonymous_1)","decl":{"start":{"line":16,"column":12},"end":{"line":16,"column":17}},"loc":{"start":{"line":16,"column":53},"end":{"line":38,"column":3}}},"2":{"name":"(anonymous_2)","decl":{"start":{"line":52,"column":12},"end":{"line":52,"column":23}},"loc":{"start":{"line":52,"column":49},"end":{"line":60,"column":3}}},"3":{"name":"(anonymous_3)","decl":{"start":{"line":62,"column":10},"end":{"line":62,"column":25}},"loc":{"start":{"line":62,"column":38},"end":{"line":64,"column":3}}},"4":{"name":"(anonymous_4)","decl":{"start":{"line":66,"column":10},"end":{"line":66,"column":23}},"loc":{"start":{"line":66,"column":23},"end":{"line":70,"column":3}}},"5":{"name":"(anonymous_5)","decl":{"start":{"line":67,"column":23},"end":{"line":67,"column":24}},"loc":{"start":{"line":68,"column":6},"end":{"line":68,"column":82}}},"6":{"name":"(anonymous_6)","decl":{"start":{"line":68,"column":17},"end":{"line":68,"column":20}},"loc":{"start":{"line":68,"column":23},"end":{"line":68,"column":59}}},"7":{"name":"(anonymous_7)","decl":{"start":{"line":72,"column":10},"end":{"line":72,"column":17}},"loc":{"start":{"line":72,"column":17},"end":{"line":75,"column":3}}}},"branchMap":{"0":{"loc":{"start":{"line":53,"column":4},"end":{"line":59,"column":5}},"type":"if","locations":[{"start":{"line":53,"column":4},"end":{"line":59,"column":5}},{"start":{"line":55,"column":11},"end":{"line":59,"column":5}}]},"1":{"loc":{"start":{"line":55,"column":11},"end":{"line":59,"column":5}},"type":"if","locations":[{"start":{"line":55,"column":11},"end":{"line":59,"column":5}},{"start":{"line":57,"column":11},"end":{"line":59,"column":5}}]},"2":{"loc":{"start":{"line":63,"column":11},"end":{"line":63,"column":68}},"type":"cond-expr","locations":[{"start":{"line":63,"column":34},"end":{"line":63,"column":55}},{"start":{"line":63,"column":58},"end":{"line":63,"column":68}}]}},"s":{"0":0,"1":0,"2":0,"3":0,"4":0,"5":0,"6":0,"7":0,"8":0,"9":0,"10":0,"11":0,"12":0,"13":0,"14":0,"15":0,"16":0,"17":0,"18":0,"19":0,"20":0,"21":0},"f":{"0":0,"1":0,"2":0,"3":0,"4":0,"5":0,"6":0,"7":0},"b":{"0":[0,0],"1":[0,0],"2":[0,0]}}
,"/Users/pandora/VS_Code_Projects/appControllerAI/src/controllers/ExampleController.ts": {"path":"/Users/pandora/VS_Code_Projects/appControllerAI/src/controllers/ExampleController.ts","statementMap":{"0":{"start":{"line":2,"column":0},"end":{"line":2,"column":50}},"1":{"start":{"line":6,"column":4},"end":{"line":13,"column":5}},"2":{"start":{"line":8,"column":8},"end":{"line":8,"column":51}},"3":{"start":{"line":10,"column":8},"end":{"line":10,"column":68}},"4":{"start":{"line":12,"column":8},"end":{"line":12,"column":48}},"5":{"start":{"line":4,"column":0},"end":{"line":4,"column":13}}},"fnMap":{"0":{"name":"(anonymous_0)","decl":{"start":{"line":5,"column":12},"end":{"line":5,"column":17}},"loc":{"start":{"line":5,"column":45},"end":{"line":14,"column":3}}}},"branchMap":{"0":{"loc":{"start":{"line":6,"column":4},"end":{"line":13,"column":5}},"type":"switch","locations":[{"start":{"line":7,"column":6},"end":{"line":8,"column":51}},{"start":{"line":9,"column":6},"end":{"line":10,"column":68}},{"start":{"line":11,"column":6},"end":{"line":12,"column":48}}]}},"s":{"0":0,"1":0,"2":0,"3":0,"4":0,"5":0},"f":{"0":0},"b":{"0":[0,0,0]}}
,"/Users/pandora/VS_Code_Projects/appControllerAI/src/microservices/WellsFargoMicroservice.ts": {"path":"/Users/pandora/VS_Code_Projects/appControllerAI/src/microservices/WellsFargoMicroservice.ts","statementMap":{"0":{"start":{"line":1,"column":0},"end":{"line":1,"column":30}},"1":{"start":{"line":2,"column":0},"end":{"line":2,"column":66}},"2":{"start":{"line":4,"column":0},"end":{"line":4,"column":47}},"3":{"start":{"line":11,"column":4},"end":{"line":11,"column":25}},"4":{"start":{"line":12,"column":4},"end":{"line":12,"column":43}},"5":{"start":{"line":13,"column":4},"end":{"line":13,"column":27}},"6":{"start":{"line":14,"column":4},"end":{"line":14,"column":23}},"7":{"start":{"line":18,"column":4},"end":{"line":18,"column":33}},"8":{"start":{"line":19,"column":4},"end":{"line":22,"column":8}},"9":{"start":{"line":26,"column":4},"end":{"line":33,"column":7}},"10":{"start":{"line":27,"column":6},"end":{"line":32,"column":7}},"11":{"start":{"line":28,"column":28},"end":{"line":28,"column":76}},"12":{"start":{"line":29,"column":8},"end":{"line":29,"column":30}},"13":{"start":{"line":31,"column":8},"end":{"line":31,"column":37}},"14":{"start":{"line":35,"column":4},"end":{"line":42,"column":7}},"15":{"start":{"line":36,"column":6},"end":{"line":41,"column":7}},"16":{"start":{"line":37,"column":23},"end":{"line":37,"column":69}},"17":{"start":{"line":38,"column":8},"end":{"line":38,"column":25}},"18":{"start":{"line":40,"column":8},"end":{"line":40,"column":37}},"19":{"start":{"line":46,"column":25},"end":{"line":46,"column":90}},"20":{"start":{"line":47,"column":4},"end":{"line":47,"column":50}},"21":{"start":{"line":51,"column":4},"end":{"line":56,"column":5}},"22":{"start":{"line":52,"column":21},"end":{"line":52,"column":68}},"23":{"start":{"line":53,"column":6},"end":{"line":53,"column":23}},"24":{"start":{"line":55,"column":6},"end":{"line":55,"column":35}},"25":{"start":{"line":60,"column":4},"end":{"line":62,"column":7}},"26":{"start":{"line":61,"column":6},"end":{"line":61,"column":70}},"27":{"start":{"line":6,"column":0},"end":{"line":6,"column":13}}},"fnMap":{"0":{"name":"(anonymous_1)","decl":{"start":{"line":10,"column":2},"end":{"line":10,"column":null}},"loc":{"start":{"line":10,"column":2},"end":{"line":15,"column":3}}},"1":{"name":"(anonymous_2)","decl":{"start":{"line":17,"column":10},"end":{"line":17,"column":25}},"loc":{"start":{"line":17,"column":25},"end":{"line":23,"column":3}}},"2":{"name":"(anonymous_3)","decl":{"start":{"line":25,"column":10},"end":{"line":25,"column":21}},"loc":{"start":{"line":25,"column":21},"end":{"line":43,"column":3}}},"3":{"name":"(anonymous_4)","decl":{"start":{"line":26,"column":38},"end":{"line":26,"column":43}},"loc":{"start":{"line":26,"column":57},"end":{"line":33,"column":5}}},"4":{"name":"(anonymous_5)","decl":{"start":{"line":35,"column":39},"end":{"line":35,"column":44}},"loc":{"start":{"line":35,"column":58},"end":{"line":42,"column":5}}},"5":{"name":"(anonymous_6)","decl":{"start":{"line":45,"column":10},"end":{"line":45,"column":21}},"loc":{"start":{"line":45,"column":59},"end":{"line":48,"column":3}}},"6":{"name":"(anonymous_7)","decl":{"start":{"line":50,"column":2},"end":{"line":50,"column":7}},"loc":{"start":{"line":50,"column":69},"end":{"line":57,"column":3}}},"7":{"name":"(anonymous_8)","decl":{"start":{"line":59,"column":2},"end":{"line":59,"column":7}},"loc":{"start":{"line":59,"column":20},"end":{"line":63,"column":3}}},"8":{"name":"(anonymous_9)","decl":{"start":{"line":60,"column":26},"end":{"line":60,"column":29}},"loc":{"start":{"line":60,"column":31},"end":{"line":62,"column":5}}}},"branchMap":{"0":{"loc":{"start":{"line":46,"column":25},"end":{"line":46,"column":90}},"type":"cond-expr","locations":[{"start":{"line":46,"column":50},"end":{"line":46,"column":63}},{"start":{"line":46,"column":66},"end":{"line":46,"column":90}}]}},"s":{"0":0,"1":0,"2":0,"3":0,"4":0,"5":0,"6":0,"7":0,"8":0,"9":0,"10":0,"11":0,"12":0,"13":0,"14":0,"15":0,"16":0,"17":0,"18":0,"19":0,"20":0,"21":0,"22":0,"23":0,"24":0,"25":0,"26":0,"27":0},"f":{"0":0,"1":0,"2":0,"3":0,"4":0,"5":0,"6":0,"7":0,"8":0},"b":{"0":[0,0]}}
,"/Users/pandora/VS_Code_Projects/appControllerAI/src/middleware/auth.ts": {"path":"/Users/pandora/VS_Code_Projects/appControllerAI/src/middleware/auth.ts","statementMap":{"0":{"start":{"line":2,"column":0},"end":{"line":2,"column":31}},"1":{"start":{"line":4,"column":19},"end":{"line":4,"column":62}},"2":{"start":{"line":6,"column":33},"end":{"line":21,"column":1}},"3":{"start":{"line":7,"column":21},"end":{"line":7,"column":49}},"4":{"start":{"line":8,"column":16},"end":{"line":8,"column":54}},"5":{"start":{"line":10,"column":2},"end":{"line":12,"column":3}},"6":{"start":{"line":11,"column":4},"end":{"line":11,"column":64}},"7":{"start":{"line":14,"column":2},"end":{"line":20,"column":5}},"8":{"start":{"line":15,"column":4},"end":{"line":17,"column":5}},"9":{"start":{"line":16,"column":6},"end":{"line":16,"column":62}},"10":{"start":{"line":18,"column":4},"end":{"line":18,"column":20}},"11":{"start":{"line":19,"column":4},"end":{"line":19,"column":11}},"12":{"start":{"line":6,"column":13},"end":{"line":6,"column":33}},"13":{"start":{"line":23,"column":29},"end":{"line":25,"column":1}},"14":{"start":{"line":24,"column":2},"end":{"line":24,"column":61}},"15":{"start":{"line":23,"column":13},"end":{"line":23,"column":29}}},"fnMap":{"0":{"name":"(anonymous_1)","decl":{"start":{"line":6,"column":33},"end":{"line":6,"column":34}},"loc":{"start":{"line":6,"column":85},"end":{"line":21,"column":1}}},"1":{"name":"(anonymous_2)","decl":{"start":{"line":14,"column":32},"end":{"line":14,"column":33}},"loc":{"start":{"line":14,"column":56},"end":{"line":20,"column":3}}},"2":{"name":"(anonymous_3)","decl":{"start":{"line":23,"column":29},"end":{"line":23,"column":30}},"loc":{"start":{"line":23,"column":57},"end":{"line":25,"column":1}}}},"branchMap":{"0":{"loc":{"start":{"line":4,"column":19},"end":{"line":4,"column":62}},"type":"binary-expr","locations":[{"start":{"line":4,"column":19},"end":{"line":4,"column":41}},{"start":{"line":4,"column":45},"end":{"line":4,"column":62}}]},"1":{"loc":{"start":{"line":8,"column":16},"end":{"line":8,"column":54}},"type":"binary-expr","locations":[{"start":{"line":8,"column":16},"end":{"line":8,"column":26}},{"start":{"line":8,"column":30},"end":{"line":8,"column":54}}]},"2":{"loc":{"start":{"line":10,"column":2},"end":{"line":12,"column":3}},"type":"if","locations":[{"start":{"line":10,"column":2},"end":{"line":12,"column":3}}]},"3":{"loc":{"start":{"line":15,"column":4},"end":{"line":17,"column":5}},"type":"if","locations":[{"start":{"line":15,"column":4},"end":{"line":17,"column":5}}]}},"s":{"0":1,"1":1,"2":1,"3":1,"4":1,"5":1,"6":0,"7":1,"8":1,"9":1,"10":0,"11":0,"12":1,"13":1,"14":1,"15":1},"f":{"0":1,"1":1,"2":1},"b":{"0":[1,1],"1":[1,1],"2":[0],"3":[1]}}
,"/Users/pandora/VS_Code_Projects/appControllerAI/src/services/NotificationService.ts": {"path":"/Users/pandora/VS_Code_Projects/appControllerAI/src/services/NotificationService.ts","statementMap":{"0":{"start":{"line":1,"column":0},"end":{"line":1,"column":27}},"1":{"start":{"line":9,"column":8},"end":{"line":9,"column":56}},"2":{"start":{"line":10,"column":8},"end":{"line":10,"column":33}},"3":{"start":{"line":11,"column":8},"end":{"line":11,"column":35}},"4":{"start":{"line":15,"column":8},"end":{"line":22,"column":11}},"5":{"start":{"line":16,"column":27},"end":{"line":16,"column":57}},"6":{"start":{"line":17,"column":12},"end":{"line":17,"column":41}},"7":{"start":{"line":19,"column":12},"end":{"line":21,"column":15}},"8":{"start":{"line":20,"column":16},"end":{"line":20,"column":44}},"9":{"start":{"line":26,"column":23},"end":{"line":26,"column":47}},"10":{"start":{"line":27,"column":8},"end":{"line":29,"column":9}},"11":{"start":{"line":28,"column":12},"end":{"line":28,"column":56}},"12":{"start":{"line":33,"column":8},"end":{"line":35,"column":11}},"13":{"start":{"line":34,"column":12},"end":{"line":34,"column":56}},"14":{"start":{"line":40,"column":8},"end":{"line":40,"column":25}},"15":{"start":{"line":4,"column":0},"end":{"line":4,"column":13}}},"fnMap":{"0":{"name":"(anonymous_1)","decl":{"start":{"line":8,"column":4},"end":{"line":8,"column":null}},"loc":{"start":{"line":8,"column":4},"end":{"line":12,"column":5}}},"1":{"name":"(anonymous_2)","decl":{"start":{"line":14,"column":12},"end":{"line":14,"column":31}},"loc":{"start":{"line":14,"column":31},"end":{"line":23,"column":5}}},"2":{"name":"(anonymous_3)","decl":{"start":{"line":15,"column":34},"end":{"line":15,"column":35}},"loc":{"start":{"line":15,"column":62},"end":{"line":22,"column":9}}},"3":{"name":"(anonymous_4)","decl":{"start":{"line":19,"column":27},"end":{"line":19,"column":30}},"loc":{"start":{"line":19,"column":32},"end":{"line":21,"column":13}}},"4":{"name":"(anonymous_5)","decl":{"start":{"line":25,"column":4},"end":{"line":25,"column":9}},"loc":{"start":{"line":25,"column":76},"end":{"line":30,"column":5}}},"5":{"name":"(anonymous_6)","decl":{"start":{"line":32,"column":4},"end":{"line":32,"column":9}},"loc":{"start":{"line":32,"column":58},"end":{"line":36,"column":5}}},"6":{"name":"(anonymous_7)","decl":{"start":{"line":33,"column":29},"end":{"line":33,"column":35}},"loc":{"start":{"line":33,"column":38},"end":{"line":35,"column":9}}},"7":{"name":"(anonymous_8)","decl":{"start":{"line":38,"column":12},"end":{"line":38,"column":32}},"loc":{"start":{"line":38,"column":41},"end":{"line":41,"column":5}}}},"branchMap":{"0":{"loc":{"start":{"line":27,"column":8},"end":{"line":29,"column":9}},"type":"if","locations":[{"start":{"line":27,"column":8},"end":{"line":29,"column":9}}]}},"s":{"0":0,"1":0,"2":0,"3":0,"4":0,"5":0,"6":0,"7":0,"8":0,"9":0,"10":0,"11":0,"12":0,"13":0,"14":0,"15":0},"f":{"0":0,"1":0,"2":0,"3":0,"4":0,"5":0,"6":0,"7":0},"b":{"0":[0]}}
,"/Users/pandora/VS_Code_Projects/appControllerAI/src/services/SecurityService.ts": {"path":"/Users/pandora/VS_Code_Projects/appControllerAI/src/services/SecurityService.ts","statementMap":{"0":{"start":{"line":1,"column":0},"end":{"line":1,"column":55}},"1":{"start":{"line":10,"column":22},"end":{"line":10,"column":57}},"2":{"start":{"line":11,"column":4},"end":{"line":11,"column":54}},"3":{"start":{"line":18,"column":22},"end":{"line":18,"column":60}},"4":{"start":{"line":19,"column":4},"end":{"line":19,"column":32}},"5":{"start":{"line":19,"column":20},"end":{"line":19,"column":32}},"6":{"start":{"line":21,"column":22},"end":{"line":21,"column":46}},"7":{"start":{"line":22,"column":4},"end":{"line":22,"column":33}},"8":{"start":{"line":3,"column":0},"end":{"line":3,"column":13}},"9":{"start":{"line":4,"column":26},"end":{"line":4,"column":58}}},"fnMap":{"0":{"name":"(anonymous_0)","decl":{"start":{"line":6,"column":2},"end":{"line":6,"column":8}},"loc":{"start":{"line":9,"column":3},"end":{"line":12,"column":3}}},"1":{"name":"(anonymous_1)","decl":{"start":{"line":14,"column":2},"end":{"line":14,"column":8}},"loc":{"start":{"line":14,"column":25},"end":{"line":23,"column":3}}}},"branchMap":{"0":{"loc":{"start":{"line":19,"column":4},"end":{"line":19,"column":32}},"type":"if","locations":[{"start":{"line":19,"column":4},"end":{"line":19,"column":32}}]}},"s":{"0":0,"1":0,"2":0,"3":0,"4":0,"5":0,"6":0,"7":0,"8":0,"9":0},"f":{"0":0,"1":0},"b":{"0":[0]}}
,"/Users/pandora/VS_Code_Projects/appControllerAI/src/services/WebSocketService.ts": {"path":"/Users/pandora/VS_Code_Projects/appControllerAI/src/services/WebSocketService.ts","statementMap":{"0":{"start":{"line":1,"column":0},"end":{"line":1,"column":27}},"1":{"start":{"line":2,"column":0},"end":{"line":2,"column":38}},"2":{"start":{"line":9,"column":8},"end":{"line":9,"column":16}},"3":{"start":{"line":6,"column":12},"end":{"line":6,"column":56}},"4":{"start":{"line":10,"column":8},"end":{"line":10,"column":50}},"5":{"start":{"line":11,"column":8},"end":{"line":11,"column":30}},"6":{"start":{"line":15,"column":8},"end":{"line":26,"column":11}},"7":{"start":{"line":16,"column":29},"end":{"line":16,"column":54}},"8":{"start":{"line":17,"column":12},"end":{"line":17,"column":43}},"9":{"start":{"line":19,"column":12},"end":{"line":21,"column":15}},"10":{"start":{"line":20,"column":16},"end":{"line":20,"column":63}},"11":{"start":{"line":23,"column":12},"end":{"line":25,"column":15}},"12":{"start":{"line":24,"column":16},"end":{"line":24,"column":46}},"13":{"start":{"line":30,"column":8},"end":{"line":30,"column":52}},"14":{"start":{"line":34,"column":24},"end":{"line":34,"column":55}},"15":{"start":{"line":35,"column":8},"end":{"line":39,"column":11}},"16":{"start":{"line":36,"column":12},"end":{"line":38,"column":13}},"17":{"start":{"line":37,"column":16},"end":{"line":37,"column":37}},"18":{"start":{"line":44,"column":8},"end":{"line":44,"column":57}},"19":{"start":{"line":4,"column":0},"end":{"line":4,"column":13}}},"fnMap":{"0":{"name":"(anonymous_1)","decl":{"start":{"line":8,"column":4},"end":{"line":8,"column":16}},"loc":{"start":{"line":8,"column":35},"end":{"line":12,"column":5}}},"1":{"name":"(anonymous_2)","decl":{"start":{"line":14,"column":12},"end":{"line":14,"column":26}},"loc":{"start":{"line":14,"column":26},"end":{"line":27,"column":5}}},"2":{"name":"(anonymous_3)","decl":{"start":{"line":15,"column":34},"end":{"line":15,"column":35}},"loc":{"start":{"line":15,"column":62},"end":{"line":26,"column":9}}},"3":{"name":"(anonymous_4)","decl":{"start":{"line":19,"column":29},"end":{"line":19,"column":30}},"loc":{"start":{"line":19,"column":46},"end":{"line":21,"column":13}}},"4":{"name":"(anonymous_5)","decl":{"start":{"line":23,"column":27},"end":{"line":23,"column":30}},"loc":{"start":{"line":23,"column":32},"end":{"line":25,"column":13}}},"5":{"name":"(anonymous_6)","decl":{"start":{"line":29,"column":12},"end":{"line":29,"column":25}},"loc":{"start":{"line":29,"column":56},"end":{"line":31,"column":5}}},"6":{"name":"(anonymous_7)","decl":{"start":{"line":33,"column":11},"end":{"line":33,"column":20}},"loc":{"start":{"line":33,"column":45},"end":{"line":40,"column":5}}},"7":{"name":"(anonymous_8)","decl":{"start":{"line":35,"column":29},"end":{"line":35,"column":35}},"loc":{"start":{"line":35,"column":38},"end":{"line":39,"column":9}}},"8":{"name":"(anonymous_9)","decl":{"start":{"line":42,"column":12},"end":{"line":42,"column":27}},"loc":{"start":{"line":42,"column":36},"end":{"line":45,"column":5}}}},"branchMap":{"0":{"loc":{"start":{"line":8,"column":16},"end":{"line":8,"column":35}},"type":"default-arg","locations":[{"start":{"line":8,"column":31},"end":{"line":8,"column":35}}]},"1":{"loc":{"start":{"line":36,"column":12},"end":{"line":38,"column":13}},"type":"if","locations":[{"start":{"line":36,"column":12},"end":{"line":38,"column":13}}]},"2":{"loc":{"start":{"line":44,"column":15},"end":{"line":44,"column":56}},"type":"binary-expr","locations":[{"start":{"line":44,"column":15},"end":{"line":44,"column":41}},{"start":{"line":44,"column":45},"end":{"line":44,"column":56}}]}},"s":{"0":0,"1":0,"2":0,"3":0,"4":0,"5":0,"6":0,"7":0,"8":0,"9":0,"10":0,"11":0,"12":0,"13":0,"14":0,"15":0,"16":0,"17":0,"18":0,"19":0},"f":{"0":0,"1":0,"2":0,"3":0,"4":0,"5":0,"6":0,"7":0,"8":0},"b":{"0":[0],"1":[0],"2":[0,0]}}
,"/Users/pandora/VS_Code_Projects/appControllerAI/src/services/wellsFargoService.ts": {"path":"/Users/pandora/VS_Code_Projects/appControllerAI/src/services/wellsFargoService.ts","statementMap":{"0":{"start":{"line":1,"column":0},"end":{"line":1,"column":42}},"1":{"start":{"line":2,"column":0},"end":{"line":2,"column":35}},"2":{"start":{"line":9,"column":4},"end":{"line":9,"column":44}},"3":{"start":{"line":10,"column":4},"end":{"line":16,"column":7}},"4":{"start":{"line":20,"column":4},"end":{"line":26,"column":5}},"5":{"start":{"line":21,"column":23},"end":{"line":21,"column":73}},"6":{"start":{"line":22,"column":6},"end":{"line":22,"column":27}},"7":{"start":{"line":24,"column":20},"end":{"line":24,"column":37}},"8":{"start":{"line":25,"column":6},"end":{"line":25,"column":65}},"9":{"start":{"line":30,"column":4},"end":{"line":36,"column":5}},"10":{"start":{"line":31,"column":23},"end":{"line":31,"column":71}},"11":{"start":{"line":32,"column":6},"end":{"line":32,"column":27}},"12":{"start":{"line":34,"column":20},"end":{"line":34,"column":37}},"13":{"start":{"line":35,"column":6},"end":{"line":35,"column":71}},"14":{"start":{"line":40,"column":4},"end":{"line":40,"column":40}},"15":{"start":{"line":4,"column":0},"end":{"line":4,"column":13}}},"fnMap":{"0":{"name":"(anonymous_1)","decl":{"start":{"line":8,"column":2},"end":{"line":8,"column":null}},"loc":{"start":{"line":8,"column":2},"end":{"line":17,"column":3}}},"1":{"name":"(anonymous_2)","decl":{"start":{"line":19,"column":2},"end":{"line":19,"column":7}},"loc":{"start":{"line":19,"column":40},"end":{"line":27,"column":3}}},"2":{"name":"(anonymous_3)","decl":{"start":{"line":29,"column":2},"end":{"line":29,"column":7}},"loc":{"start":{"line":29,"column":35},"end":{"line":37,"column":3}}},"3":{"name":"(anonymous_4)","decl":{"start":{"line":39,"column":2},"end":{"line":39,"column":7}},"loc":{"start":{"line":39,"column":36},"end":{"line":41,"column":3}}}},"branchMap":{},"s":{"0":0,"1":0,"2":0,"3":0,"4":0,"5":0,"6":0,"7":0,"8":0,"9":0,"10":0,"11":0,"12":0,"13":0,"14":0,"15":0},"f":{"0":0,"1":0,"2":0,"3":0},"b":{}}
,"/Users/pandora/VS_Code_Projects/appControllerAI/src/services/ai/Logger.ts": {"path":"/Users/pandora/VS_Code_Projects/appControllerAI/src/services/ai/Logger.ts","statementMap":{"0":{"start":{"line":7,"column":8},"end":{"line":9,"column":9}},"1":{"start":{"line":8,"column":12},"end":{"line":8,"column":43}},"2":{"start":{"line":10,"column":8},"end":{"line":10,"column":31}},"3":{"start":{"line":14,"column":26},"end":{"line":14,"column":50}},"4":{"start":{"line":15,"column":23},"end":{"line":15,"column":54}},"5":{"start":{"line":16,"column":25},"end":{"line":16,"column":66}},"6":{"start":{"line":17,"column":8},"end":{"line":17,"column":102}},"7":{"start":{"line":21,"column":26},"end":{"line":21,"column":50}},"8":{"start":{"line":22,"column":27},"end":{"line":22,"column":64}},"9":{"start":{"line":23,"column":8},"end":{"line":23,"column":87}},"10":{"start":{"line":1,"column":0},"end":{"line":1,"column":13}}},"fnMap":{"0":{"name":"(anonymous_0)","decl":{"start":{"line":4,"column":4},"end":{"line":4,"column":27}},"loc":{"start":{"line":4,"column":4},"end":{"line":4,"column":28}}},"1":{"name":"(anonymous_1)","decl":{"start":{"line":6,"column":4},"end":{"line":6,"column":10}},"loc":{"start":{"line":6,"column":22},"end":{"line":11,"column":5}}},"2":{"name":"(anonymous_2)","decl":{"start":{"line":13,"column":4},"end":{"line":13,"column":21}},"loc":{"start":{"line":13,"column":89},"end":{"line":18,"column":5}}},"3":{"name":"(anonymous_3)","decl":{"start":{"line":20,"column":4},"end":{"line":20,"column":18}},"loc":{"start":{"line":20,"column":53},"end":{"line":24,"column":5}}}},"branchMap":{"0":{"loc":{"start":{"line":7,"column":8},"end":{"line":9,"column":9}},"type":"if","locations":[{"start":{"line":7,"column":8},"end":{"line":9,"column":9}}]},"1":{"loc":{"start":{"line":15,"column":23},"end":{"line":15,"column":54}},"type":"cond-expr","locations":[{"start":{"line":15,"column":33},"end":{"line":15,"column":42}},{"start":{"line":15,"column":45},"end":{"line":15,"column":54}}]},"2":{"loc":{"start":{"line":16,"column":25},"end":{"line":16,"column":66}},"type":"cond-expr","locations":[{"start":{"line":16,"column":33},"end":{"line":16,"column":61}},{"start":{"line":16,"column":64},"end":{"line":16,"column":66}}]},"3":{"loc":{"start":{"line":22,"column":27},"end":{"line":22,"column":64}},"type":"cond-expr","locations":[{"start":{"line":22,"column":38},"end":{"line":22,"column":49}},{"start":{"line":22,"column":52},"end":{"line":22,"column":64}}]}},"s":{"0":0,"1":0,"2":0,"3":0,"4":0,"5":0,"6":0,"7":0,"8":0,"9":0,"10":0},"f":{"0":0,"1":0,"2":0,"3":0},"b":{"0":[0],"1":[0,0],"2":[0,0],"3":[0,0]}}
,"/Users/pandora/VS_Code_Projects/appControllerAI/src/services/ai/ModelCache.ts": {"path":"/Users/pandora/VS_Code_Projects/appControllerAI/src/services/ai/ModelCache.ts","statementMap":{"0":{"start":{"line":1,"column":0},"end":{"line":1,"column":35}},"1":{"start":{"line":3,"column":0},"end":{"line":3,"column":34}},"2":{"start":{"line":4,"column":0},"end":{"line":4,"column":45}},"3":{"start":{"line":21,"column":8},"end":{"line":21,"column":45}},"4":{"start":{"line":22,"column":8},"end":{"line":26,"column":11}},"5":{"start":{"line":27,"column":8},"end":{"line":27,"column":31}},"6":{"start":{"line":28,"column":8},"end":{"line":28,"column":43}},"7":{"start":{"line":29,"column":8},"end":{"line":29,"column":31}},"8":{"start":{"line":33,"column":8},"end":{"line":35,"column":9}},"9":{"start":{"line":34,"column":12},"end":{"line":34,"column":51}},"10":{"start":{"line":36,"column":8},"end":{"line":36,"column":35}},"11":{"start":{"line":40,"column":22},"end":{"line":40,"column":56}},"12":{"start":{"line":41,"column":8},"end":{"line":41,"column":43}},"13":{"start":{"line":42,"column":8},"end":{"line":42,"column":53}},"14":{"start":{"line":44,"column":8},"end":{"line":46,"column":9}},"15":{"start":{"line":45,"column":12},"end":{"line":45,"column":68}},"16":{"start":{"line":47,"column":8},"end":{"line":47,"column":21}},"17":{"start":{"line":51,"column":8},"end":{"line":53,"column":9}},"18":{"start":{"line":52,"column":12},"end":{"line":52,"column":52}},"19":{"start":{"line":54,"column":8},"end":{"line":54,"column":39}},"20":{"start":{"line":58,"column":8},"end":{"line":58,"column":32}},"21":{"start":{"line":62,"column":8},"end":{"line":62,"column":39}},"22":{"start":{"line":66,"column":8},"end":{"line":66,"column":50}},"23":{"start":{"line":70,"column":29},"end":{"line":70,"column":104}},"24":{"start":{"line":71,"column":8},"end":{"line":75,"column":9}},"25":{"start":{"line":72,"column":12},"end":{"line":72,"column":32}},"26":{"start":{"line":74,"column":12},"end":{"line":74,"column":34}},"27":{"start":{"line":76,"column":8},"end":{"line":76,"column":47}},"28":{"start":{"line":77,"column":8},"end":{"line":77,"column":46}},"29":{"start":{"line":81,"column":8},"end":{"line":83,"column":11}},"30":{"start":{"line":82,"column":12},"end":{"line":82,"column":55}},"31":{"start":{"line":13,"column":0},"end":{"line":13,"column":13}}},"fnMap":{"0":{"name":"(anonymous_1)","decl":{"start":{"line":20,"column":4},"end":{"line":20,"column":null}},"loc":{"start":{"line":20,"column":4},"end":{"line":30,"column":5}}},"1":{"name":"(anonymous_2)","decl":{"start":{"line":32,"column":4},"end":{"line":32,"column":10}},"loc":{"start":{"line":32,"column":22},"end":{"line":37,"column":5}}},"2":{"name":"(anonymous_3)","decl":{"start":{"line":39,"column":4},"end":{"line":39,"column":9}},"loc":{"start":{"line":39,"column":34},"end":{"line":48,"column":5}}},"3":{"name":"(anonymous_4)","decl":{"start":{"line":50,"column":4},"end":{"line":50,"column":9}},"loc":{"start":{"line":50,"column":46},"end":{"line":55,"column":5}}},"4":{"name":"(anonymous_5)","decl":{"start":{"line":57,"column":4},"end":{"line":57,"column":9}},"loc":{"start":{"line":57,"column":41},"end":{"line":59,"column":5}}},"5":{"name":"(anonymous_6)","decl":{"start":{"line":61,"column":4},"end":{"line":61,"column":17}},"loc":{"start":{"line":61,"column":33},"end":{"line":63,"column":5}}},"6":{"name":"(anonymous_7)","decl":{"start":{"line":65,"column":12},"end":{"line":65,"column":25}},"loc":{"start":{"line":65,"column":36},"end":{"line":67,"column":5}}},"7":{"name":"(anonymous_8)","decl":{"start":{"line":69,"column":12},"end":{"line":69,"column":23}},"loc":{"start":{"line":69,"column":55},"end":{"line":78,"column":5}}},"8":{"name":"(anonymous_9)","decl":{"start":{"line":80,"column":12},"end":{"line":80,"column":27}},"loc":{"start":{"line":80,"column":27},"end":{"line":84,"column":5}}},"9":{"name":"(anonymous_10)","decl":{"start":{"line":81,"column":33},"end":{"line":81,"column":34}},"loc":{"start":{"line":81,"column":49},"end":{"line":83,"column":9}}}},"branchMap":{"0":{"loc":{"start":{"line":33,"column":8},"end":{"line":35,"column":9}},"type":"if","locations":[{"start":{"line":33,"column":8},"end":{"line":35,"column":9}}]},"1":{"loc":{"start":{"line":44,"column":8},"end":{"line":46,"column":9}},"type":"if","locations":[{"start":{"line":44,"column":8},"end":{"line":46,"column":9}}]},"2":{"loc":{"start":{"line":51,"column":8},"end":{"line":53,"column":9}},"type":"if","locations":[{"start":{"line":51,"column":8},"end":{"line":53,"column":9}}]},"3":{"loc":{"start":{"line":66,"column":15},"end":{"line":66,"column":49}},"type":"binary-expr","locations":[{"start":{"line":66,"column":15},"end":{"line":66,"column":20}},{"start":{"line":66,"column":24},"end":{"line":66,"column":49}}]},"4":{"loc":{"start":{"line":70,"column":29},"end":{"line":70,"column":104}},"type":"binary-expr","locations":[{"start":{"line":70,"column":29},"end":{"line":70,"column":52}},{"start":{"line":70,"column":56},"end":{"line":70,"column":104}}]},"5":{"loc":{"start":{"line":71,"column":8},"end":{"line":75,"column":9}},"type":"if","locations":[{"start":{"line":71,"column":8},"end":{"line":75,"column":9}},{"start":{"line":73,"column":15},"end":{"line":75,"column":9}}]}},"s":{"0":0,"1":0,"2":0,"3":0,"4":0,"5":0,"6":0,"7":0,"8":0,"9":0,"10":0,"11":0,"12":0,"13":0,"14":0,"15":0,"16":0,"17":0,"18":0,"19":0,"20":0,"21":0,"22":0,"23":0,"24":0,"25":0,"26":0,"27":0,"28":0,"29":0,"30":0,"31":0},"f":{"0":0,"1":0,"2":0,"3":0,"4":0,"5":0,"6":0,"7":0,"8":0,"9":0},"b":{"0":[0],"1":[0],"2":[0],"3":[0,0],"4":[0,0],"5":[0,0]}}
,"/Users/pandora/VS_Code_Projects/appControllerAI/src/services/ai/ModelLoader.ts": {"path":"/Users/pandora/VS_Code_Projects/appControllerAI/src/services/ai/ModelLoader.ts","statementMap":{"0":{"start":{"line":3,"column":0},"end":{"line":3,"column":50}},"1":{"start":{"line":11,"column":8},"end":{"line":13,"column":9}},"2":{"start":{"line":12,"column":12},"end":{"line":12,"column":53}},"3":{"start":{"line":14,"column":8},"end":{"line":14,"column":36}},"4":{"start":{"line":19,"column":8},"end":{"line":19,"column":43}},"5":{"start":{"line":23,"column":29},"end":{"line":23,"column":92}},"6":{"start":{"line":23,"column":52},"end":{"line":23,"column":91}},"7":{"start":{"line":24,"column":8},"end":{"line":24,"column":40}},"8":{"start":{"line":28,"column":22},"end":{"line":28,"column":62}},"9":{"start":{"line":29,"column":8},"end":{"line":31,"column":9}},"10":{"start":{"line":30,"column":12},"end":{"line":30,"column":72}},"11":{"start":{"line":32,"column":8},"end":{"line":32,"column":21}},"12":{"start":{"line":5,"column":0},"end":{"line":5,"column":13}}},"fnMap":{"0":{"name":"(anonymous_0)","decl":{"start":{"line":8,"column":4},"end":{"line":8,"column":27}},"loc":{"start":{"line":8,"column":4},"end":{"line":8,"column":28}}},"1":{"name":"(anonymous_1)","decl":{"start":{"line":10,"column":4},"end":{"line":10,"column":10}},"loc":{"start":{"line":10,"column":22},"end":{"line":15,"column":5}}},"2":{"name":"(anonymous_2)","decl":{"start":{"line":17,"column":4},"end":{"line":17,"column":9}},"loc":{"start":{"line":17,"column":57},"end":{"line":20,"column":5}}},"3":{"name":"(anonymous_3)","decl":{"start":{"line":22,"column":4},"end":{"line":22,"column":9}},"loc":{"start":{"line":22,"column":47},"end":{"line":25,"column":5}}},"4":{"name":"(anonymous_4)","decl":{"start":{"line":23,"column":44},"end":{"line":23,"column":48}},"loc":{"start":{"line":23,"column":52},"end":{"line":23,"column":91}}},"5":{"name":"(anonymous_5)","decl":{"start":{"line":27,"column":4},"end":{"line":27,"column":9}},"loc":{"start":{"line":27,"column":63},"end":{"line":33,"column":5}}}},"branchMap":{"0":{"loc":{"start":{"line":11,"column":8},"end":{"line":13,"column":9}},"type":"if","locations":[{"start":{"line":11,"column":8},"end":{"line":13,"column":9}}]},"1":{"loc":{"start":{"line":29,"column":8},"end":{"line":31,"column":9}},"type":"if","locations":[{"start":{"line":29,"column":8},"end":{"line":31,"column":9}}]}},"s":{"0":0,"1":0,"2":0,"3":0,"4":0,"5":0,"6":0,"7":0,"8":0,"9":0,"10":0,"11":0,"12":0},"f":{"0":0,"1":0,"2":0,"3":0,"4":0,"5":0},"b":{"0":[0],"1":[0]}}
,"/Users/pandora/VS_Code_Projects/appControllerAI/src/services/ai/ModelValidator.ts": {"path":"/Users/pandora/VS_Code_Projects/appControllerAI/src/services/ai/ModelValidator.ts","statementMap":{"0":{"start":{"line":5,"column":8},"end":{"line":7,"column":9}},"1":{"start":{"line":6,"column":12},"end":{"line":6,"column":25}},"2":{"start":{"line":9,"column":60},"end":{"line":13,"column":10}},"3":{"start":{"line":15,"column":23},"end":{"line":15,"column":48}},"4":{"start":{"line":16,"column":8},"end":{"line":16,"column":53}},"5":{"start":{"line":16,"column":37},"end":{"line":16,"column":51}},"6":{"start":{"line":20,"column":33},"end":{"line":20,"column":67}},"7":{"start":{"line":21,"column":8},"end":{"line":21,"column":66}},"8":{"start":{"line":21,"column":47},"end":{"line":21,"column":64}},"9":{"start":{"line":3,"column":0},"end":{"line":3,"column":13}}},"fnMap":{"0":{"name":"(anonymous_0)","decl":{"start":{"line":4,"column":4},"end":{"line":4,"column":10}},"loc":{"start":{"line":4,"column":66},"end":{"line":17,"column":5}}},"1":{"name":"(anonymous_1)","decl":{"start":{"line":16,"column":28},"end":{"line":16,"column":33}},"loc":{"start":{"line":16,"column":37},"end":{"line":16,"column":51}}},"2":{"name":"(anonymous_2)","decl":{"start":{"line":19,"column":4},"end":{"line":19,"column":10}},"loc":{"start":{"line":19,"column":46},"end":{"line":22,"column":5}}},"3":{"name":"(anonymous_3)","decl":{"start":{"line":21,"column":38},"end":{"line":21,"column":43}},"loc":{"start":{"line":21,"column":47},"end":{"line":21,"column":64}}}},"branchMap":{"0":{"loc":{"start":{"line":5,"column":8},"end":{"line":7,"column":9}},"type":"if","locations":[{"start":{"line":5,"column":8},"end":{"line":7,"column":9}}]},"1":{"loc":{"start":{"line":5,"column":12},"end":{"line":5,"column":47}},"type":"binary-expr","locations":[{"start":{"line":5,"column":12},"end":{"line":5,"column":18}},{"start":{"line":5,"column":22},"end":{"line":5,"column":47}}]}},"s":{"0":0,"1":0,"2":0,"3":0,"4":0,"5":0,"6":0,"7":0,"8":0,"9":0},"f":{"0":0,"1":0,"2":0,"3":0},"b":{"0":[0],"1":[0,0]}}
,"/Users/pandora/VS_Code_Projects/appControllerAI/src/services/ai/ModelVersioning.ts": {"path":"/Users/pandora/VS_Code_Projects/appControllerAI/src/services/ai/ModelVersioning.ts","statementMap":{"0":{"start":{"line":11,"column":8},"end":{"line":13,"column":9}},"1":{"start":{"line":12,"column":12},"end":{"line":12,"column":64}},"2":{"start":{"line":14,"column":8},"end":{"line":14,"column":46}},"3":{"start":{"line":18,"column":8},"end":{"line":20,"column":9}},"4":{"start":{"line":19,"column":12},"end":{"line":19,"column":64}},"5":{"start":{"line":21,"column":31},"end":{"line":21,"column":61}},"6":{"start":{"line":22,"column":8},"end":{"line":22,"column":66}},"7":{"start":{"line":26,"column":8},"end":{"line":28,"column":9}},"8":{"start":{"line":27,"column":12},"end":{"line":27,"column":69}},"9":{"start":{"line":29,"column":8},"end":{"line":29,"column":52}},"10":{"start":{"line":33,"column":31},"end":{"line":33,"column":48}},"11":{"start":{"line":34,"column":8},"end":{"line":34,"column":44}},"12":{"start":{"line":38,"column":23},"end":{"line":38,"column":48}},"13":{"start":{"line":39,"column":23},"end":{"line":39,"column":48}},"14":{"start":{"line":41,"column":8},"end":{"line":44,"column":9}},"15":{"start":{"line":41,"column":21},"end":{"line":41,"column":22}},"16":{"start":{"line":42,"column":12},"end":{"line":42,"column":48}},"17":{"start":{"line":42,"column":39},"end":{"line":42,"column":48}},"18":{"start":{"line":43,"column":12},"end":{"line":43,"column":49}},"19":{"start":{"line":43,"column":39},"end":{"line":43,"column":49}},"20":{"start":{"line":45,"column":8},"end":{"line":45,"column":17}},"21":{"start":{"line":3,"column":0},"end":{"line":3,"column":13}},"22":{"start":{"line":4,"column":28},"end":{"line":8,"column":6}}},"fnMap":{"0":{"name":"(anonymous_0)","decl":{"start":{"line":10,"column":4},"end":{"line":10,"column":10}},"loc":{"start":{"line":10,"column":47},"end":{"line":15,"column":5}}},"1":{"name":"(anonymous_1)","decl":{"start":{"line":17,"column":4},"end":{"line":17,"column":10}},"loc":{"start":{"line":17,"column":75},"end":{"line":23,"column":5}}},"2":{"name":"(anonymous_2)","decl":{"start":{"line":25,"column":4},"end":{"line":25,"column":10}},"loc":{"start":{"line":25,"column":70},"end":{"line":30,"column":5}}},"3":{"name":"(anonymous_3)","decl":{"start":{"line":32,"column":12},"end":{"line":32,"column":18}},"loc":{"start":{"line":32,"column":49},"end":{"line":35,"column":5}}},"4":{"name":"(anonymous_4)","decl":{"start":{"line":37,"column":12},"end":{"line":37,"column":18}},"loc":{"start":{"line":37,"column":57},"end":{"line":46,"column":5}}}},"branchMap":{"0":{"loc":{"start":{"line":11,"column":8},"end":{"line":13,"column":9}},"type":"if","locations":[{"start":{"line":11,"column":8},"end":{"line":13,"column":9}}]},"1":{"loc":{"start":{"line":18,"column":8},"end":{"line":20,"column":9}},"type":"if","locations":[{"start":{"line":18,"column":8},"end":{"line":20,"column":9}}]},"2":{"loc":{"start":{"line":26,"column":8},"end":{"line":28,"column":9}},"type":"if","locations":[{"start":{"line":26,"column":8},"end":{"line":28,"column":9}}]},"3":{"loc":{"start":{"line":42,"column":12},"end":{"line":42,"column":48}},"type":"if","locations":[{"start":{"line":42,"column":12},"end":{"line":42,"column":48}}]},"4":{"loc":{"start":{"line":43,"column":12},"end":{"line":43,"column":49}},"type":"if","locations":[{"start":{"line":43,"column":12},"end":{"line":43,"column":49}}]}},"s":{"0":0,"1":0,"2":0,"3":0,"4":0,"5":0,"6":0,"7":0,"8":0,"9":0,"10":0,"11":0,"12":0,"13":0,"14":0,"15":0,"16":0,"17":0,"18":0,"19":0,"20":0,"21":0,"22":0},"f":{"0":0,"1":0,"2":0,"3":0,"4":0},"b":{"0":[0],"1":[0],"2":[0],"3":[0],"4":[0]}}
,"/Users/pandora/VS_Code_Projects/appControllerAI/src/services/ai/config/AIConfig.ts": {"path":"/Users/pandora/VS_Code_Projects/appControllerAI/src/services/ai/config/AIConfig.ts","statementMap":{"0":{"start":{"line":6,"column":8},"end":{"line":15,"column":10}},"1":{"start":{"line":19,"column":8},"end":{"line":21,"column":9}},"2":{"start":{"line":20,"column":12},"end":{"line":20,"column":47}},"3":{"start":{"line":22,"column":8},"end":{"line":22,"column":33}},"4":{"start":{"line":26,"column":8},"end":{"line":28,"column":9}},"5":{"start":{"line":27,"column":12},"end":{"line":27,"column":67}},"6":{"start":{"line":29,"column":8},"end":{"line":29,"column":37}},"7":{"start":{"line":33,"column":8},"end":{"line":33,"column":33}},"8":{"start":{"line":1,"column":0},"end":{"line":1,"column":13}}},"fnMap":{"0":{"name":"(anonymous_0)","decl":{"start":{"line":5,"column":4},"end":{"line":5,"column":null}},"loc":{"start":{"line":5,"column":4},"end":{"line":16,"column":5}}},"1":{"name":"(anonymous_1)","decl":{"start":{"line":18,"column":4},"end":{"line":18,"column":10}},"loc":{"start":{"line":18,"column":22},"end":{"line":23,"column":5}}},"2":{"name":"(anonymous_2)","decl":{"start":{"line":25,"column":4},"end":{"line":25,"column":7}},"loc":{"start":{"line":25,"column":22},"end":{"line":30,"column":5}}},"3":{"name":"(anonymous_3)","decl":{"start":{"line":32,"column":4},"end":{"line":32,"column":7}},"loc":{"start":{"line":32,"column":32},"end":{"line":34,"column":5}}}},"branchMap":{"0":{"loc":{"start":{"line":19,"column":8},"end":{"line":21,"column":9}},"type":"if","locations":[{"start":{"line":19,"column":8},"end":{"line":21,"column":9}}]},"1":{"loc":{"start":{"line":26,"column":8},"end":{"line":28,"column":9}},"type":"if","locations":[{"start":{"line":26,"column":8},"end":{"line":28,"column":9}}]}},"s":{"0":0,"1":0,"2":0,"3":0,"4":0,"5":0,"6":0,"7":0,"8":0},"f":{"0":0,"1":0,"2":0,"3":0},"b":{"0":[0],"1":[0]}}
,"/Users/pandora/VS_Code_Projects/appControllerAI/src/services/alerts/SmartAlertSystem.ts": {"path":"/Users/pandora/VS_Code_Projects/appControllerAI/src/services/alerts/SmartAlertSystem.ts","statementMap":{"0":{"start":{"line":1,"column":0},"end":{"line":1,"column":38}},"1":{"start":{"line":13,"column":10},"end":{"line":13,"column":49}},"2":{"start":{"line":16,"column":4},"end":{"line":16,"column":37}},"3":{"start":{"line":17,"column":4},"end":{"line":17,"column":32}},"4":{"start":{"line":21,"column":4},"end":{"line":21,"column":42}},"5":{"start":{"line":25,"column":4},"end":{"line":25,"column":46}},"6":{"start":{"line":28,"column":22},"end":{"line":28,"column":76}},"7":{"start":{"line":29,"column":4},"end":{"line":35,"column":5}},"8":{"start":{"line":30,"column":6},"end":{"line":34,"column":9}},"9":{"start":{"line":38,"column":4},"end":{"line":38,"column":39}},"10":{"start":{"line":43,"column":31},"end":{"line":43,"column":65}},"11":{"start":{"line":48,"column":4},"end":{"line":48,"column":51}},"12":{"start":{"line":10,"column":0},"end":{"line":10,"column":13}}},"fnMap":{"0":{"name":"(anonymous_0)","decl":{"start":{"line":15,"column":2},"end":{"line":15,"column":null}},"loc":{"start":{"line":15,"column":2},"end":{"line":18,"column":3}}},"1":{"name":"(anonymous_1)","decl":{"start":{"line":20,"column":2},"end":{"line":20,"column":14}},"loc":{"start":{"line":20,"column":47},"end":{"line":22,"column":3}}},"2":{"name":"(anonymous_2)","decl":{"start":{"line":24,"column":2},"end":{"line":24,"column":20}},"loc":{"start":{"line":24,"column":45},"end":{"line":39,"column":3}}},"3":{"name":"(anonymous_3)","decl":{"start":{"line":41,"column":10},"end":{"line":41,"column":37}},"loc":{"start":{"line":41,"column":37},"end":{"line":45,"column":3}}},"4":{"name":"(anonymous_4)","decl":{"start":{"line":47,"column":2},"end":{"line":47,"column":9}},"loc":{"start":{"line":47,"column":40},"end":{"line":49,"column":3}}}},"branchMap":{"0":{"loc":{"start":{"line":28,"column":42},"end":{"line":28,"column":75}},"type":"binary-expr","locations":[{"start":{"line":28,"column":42},"end":{"line":28,"column":62}},{"start":{"line":28,"column":66},"end":{"line":28,"column":75}}]},"1":{"loc":{"start":{"line":29,"column":4},"end":{"line":35,"column":5}},"type":"if","locations":[{"start":{"line":29,"column":4},"end":{"line":35,"column":5}}]},"2":{"loc":{"start":{"line":29,"column":8},"end":{"line":29,"column":51}},"type":"binary-expr","locations":[{"start":{"line":29,"column":8},"end":{"line":29,"column":17}},{"start":{"line":29,"column":21},"end":{"line":29,"column":51}}]}},"s":{"0":0,"1":0,"2":0,"3":0,"4":0,"5":0,"6":0,"7":0,"8":0,"9":0,"10":0,"11":0,"12":0},"f":{"0":0,"1":0,"2":0,"3":0,"4":0},"b":{"0":[0,0],"1":[0],"2":[0,0]}}
,"/Users/pandora/VS_Code_Projects/appControllerAI/src/services/automation/TaskAutomation.ts": {"path":"/Users/pandora/VS_Code_Projects/appControllerAI/src/services/automation/TaskAutomation.ts","statementMap":{"0":{"start":{"line":1,"column":0},"end":{"line":1,"column":31}},"1":{"start":{"line":7,"column":22},"end":{"line":7,"column":52}},"2":{"start":{"line":5,"column":10},"end":{"line":5,"column":49}},"3":{"start":{"line":16,"column":16},"end":{"line":26,"column":6}},"4":{"start":{"line":17,"column":6},"end":{"line":25,"column":7}},"5":{"start":{"line":18,"column":8},"end":{"line":22,"column":10}},"6":{"start":{"line":24,"column":8},"end":{"line":24,"column":61}},"7":{"start":{"line":28,"column":4},"end":{"line":28,"column":36}},"8":{"start":{"line":29,"column":4},"end":{"line":29,"column":16}},"9":{"start":{"line":33,"column":16},"end":{"line":33,"column":35}},"10":{"start":{"line":34,"column":4},"end":{"line":37,"column":5}},"11":{"start":{"line":35,"column":6},"end":{"line":35,"column":17}},"12":{"start":{"line":36,"column":6},"end":{"line":36,"column":29}},"13":{"start":{"line":41,"column":4},"end":{"line":41,"column":40}},"14":{"start":{"line":4,"column":0},"end":{"line":4,"column":13}}},"fnMap":{"0":{"name":"(anonymous_0)","decl":{"start":{"line":7,"column":2},"end":{"line":7,"column":22}},"loc":{"start":{"line":7,"column":52},"end":{"line":7,"column":56}}},"1":{"name":"(anonymous_1)","decl":{"start":{"line":9,"column":2},"end":{"line":9,"column":18}},"loc":{"start":{"line":15,"column":3},"end":{"line":30,"column":3}}},"2":{"name":"(anonymous_2)","decl":{"start":{"line":16,"column":49},"end":{"line":16,"column":54}},"loc":{"start":{"line":16,"column":60},"end":{"line":26,"column":5}}},"3":{"name":"(anonymous_3)","decl":{"start":{"line":32,"column":2},"end":{"line":32,"column":12}},"loc":{"start":{"line":32,"column":25},"end":{"line":38,"column":3}}},"4":{"name":"(anonymous_4)","decl":{"start":{"line":40,"column":2},"end":{"line":40,"column":17}},"loc":{"start":{"line":40,"column":17},"end":{"line":42,"column":3}}}},"branchMap":{"0":{"loc":{"start":{"line":34,"column":4},"end":{"line":37,"column":5}},"type":"if","locations":[{"start":{"line":34,"column":4},"end":{"line":37,"column":5}}]}},"s":{"0":0,"1":0,"2":0,"3":0,"4":0,"5":0,"6":0,"7":0,"8":0,"9":0,"10":0,"11":0,"12":0,"13":0,"14":0},"f":{"0":0,"1":0,"2":0,"3":0,"4":0},"b":{"0":[0]}}
,"/Users/pandora/VS_Code_Projects/appControllerAI/src/services/realtime/WebSocketService.ts": {"path":"/Users/pandora/VS_Code_Projects/appControllerAI/src/services/realtime/WebSocketService.ts","statementMap":{"0":{"start":{"line":1,"column":0},"end":{"line":1,"column":27}},"1":{"start":{"line":2,"column":0},"end":{"line":2,"column":38}},"2":{"start":{"line":10,"column":22},"end":{"line":10,"column":33}},"3":{"start":{"line":7,"column":10},"end":{"line":7,"column":40}},"4":{"start":{"line":8,"column":10},"end":{"line":8,"column":43}},"5":{"start":{"line":11,"column":4},"end":{"line":11,"column":37}},"6":{"start":{"line":12,"column":4},"end":{"line":12,"column":31}},"7":{"start":{"line":16,"column":4},"end":{"line":16,"column":38}},"8":{"start":{"line":18,"column":4},"end":{"line":21,"column":7}},"9":{"start":{"line":19,"column":6},"end":{"line":19,"column":33}},"10":{"start":{"line":20,"column":6},"end":{"line":20,"column":36}},"11":{"start":{"line":23,"column":4},"end":{"line":30,"column":7}},"12":{"start":{"line":24,"column":6},"end":{"line":29,"column":7}},"13":{"start":{"line":25,"column":23},"end":{"line":25,"column":39}},"14":{"start":{"line":26,"column":8},"end":{"line":26,"column":43}},"15":{"start":{"line":28,"column":8},"end":{"line":28,"column":41}},"16":{"start":{"line":32,"column":4},"end":{"line":39,"column":7}},"17":{"start":{"line":33,"column":6},"end":{"line":38,"column":7}},"18":{"start":{"line":34,"column":8},"end":{"line":37,"column":55}},"19":{"start":{"line":35,"column":10},"end":{"line":35,"column":35}},"20":{"start":{"line":36,"column":10},"end":{"line":36,"column":37}},"21":{"start":{"line":43,"column":4},"end":{"line":43,"column":67}},"22":{"start":{"line":47,"column":4},"end":{"line":47,"column":69}},"23":{"start":{"line":51,"column":4},"end":{"line":51,"column":39}},"24":{"start":{"line":55,"column":4},"end":{"line":55,"column":20}},"25":{"start":{"line":4,"column":0},"end":{"line":4,"column":13}}},"fnMap":{"0":{"name":"(anonymous_1)","decl":{"start":{"line":10,"column":2},"end":{"line":10,"column":22}},"loc":{"start":{"line":10,"column":33},"end":{"line":13,"column":3}}},"1":{"name":"(anonymous_2)","decl":{"start":{"line":15,"column":10},"end":{"line":15,"column":29}},"loc":{"start":{"line":15,"column":29},"end":{"line":40,"column":3}}},"2":{"name":"(anonymous_3)","decl":{"start":{"line":18,"column":23},"end":{"line":18,"column":26}},"loc":{"start":{"line":18,"column":28},"end":{"line":21,"column":5}}},"3":{"name":"(anonymous_4)","decl":{"start":{"line":23,"column":26},"end":{"line":23,"column":27}},"loc":{"start":{"line":23,"column":43},"end":{"line":30,"column":5}}},"4":{"name":"(anonymous_5)","decl":{"start":{"line":32,"column":24},"end":{"line":32,"column":27}},"loc":{"start":{"line":32,"column":29},"end":{"line":39,"column":5}}},"5":{"name":"(anonymous_6)","decl":{"start":{"line":34,"column":19},"end":{"line":34,"column":22}},"loc":{"start":{"line":34,"column":24},"end":{"line":37,"column":9}}},"6":{"name":"(anonymous_7)","decl":{"start":{"line":42,"column":2},"end":{"line":42,"column":11}},"loc":{"start":{"line":42,"column":27},"end":{"line":44,"column":3}}},"7":{"name":"(anonymous_8)","decl":{"start":{"line":46,"column":2},"end":{"line":46,"column":13}},"loc":{"start":{"line":46,"column":29},"end":{"line":48,"column":3}}},"8":{"name":"(anonymous_9)","decl":{"start":{"line":50,"column":2},"end":{"line":50,"column":10}},"loc":{"start":{"line":50,"column":40},"end":{"line":52,"column":3}}},"9":{"name":"(anonymous_10)","decl":{"start":{"line":54,"column":2},"end":{"line":54,"column":7}},"loc":{"start":{"line":54,"column":7},"end":{"line":56,"column":3}}}},"branchMap":{"0":{"loc":{"start":{"line":33,"column":6},"end":{"line":38,"column":7}},"type":"if","locations":[{"start":{"line":33,"column":6},"end":{"line":38,"column":7}}]}},"s":{"0":0,"1":0,"2":0,"3":0,"4":0,"5":0,"6":0,"7":0,"8":0,"9":0,"10":0,"11":0,"12":0,"13":0,"14":0,"15":0,"16":0,"17":0,"18":0,"19":0,"20":0,"21":0,"22":0,"23":0,"24":0,"25":0},"f":{"0":0,"1":0,"2":0,"3":0,"4":0,"5":0,"6":0,"7":0,"8":0,"9":0},"b":{"0":[0]}}
,"/Users/pandora/VS_Code_Projects/appControllerAI/src/services/wellsFargo/security.ts": {"path":"/Users/pandora/VS_Code_Projects/appControllerAI/src/services/wellsFargo/security.ts","statementMap":{"0":{"start":{"line":1,"column":0},"end":{"line":1,"column":71}},"1":{"start":{"line":4,"column":19},"end":{"line":4,"column":45}},"2":{"start":{"line":5,"column":19},"end":{"line":5,"column":61}},"3":{"start":{"line":11,"column":4},"end":{"line":11,"column":41}},"4":{"start":{"line":12,"column":4},"end":{"line":12,"column":38}},"5":{"start":{"line":16,"column":4},"end":{"line":16,"column":41}},"6":{"start":{"line":17,"column":4},"end":{"line":17,"column":38}},"7":{"start":{"line":21,"column":4},"end":{"line":23,"column":5}},"8":{"start":{"line":22,"column":6},"end":{"line":22,"column":23}},"9":{"start":{"line":25,"column":15},"end":{"line":25,"column":30}},"10":{"start":{"line":26,"column":19},"end":{"line":26,"column":73}},"11":{"start":{"line":28,"column":20},"end":{"line":28,"column":54}},"12":{"start":{"line":29,"column":4},"end":{"line":29,"column":37}},"13":{"start":{"line":31,"column":4},"end":{"line":35,"column":6}},"14":{"start":{"line":39,"column":21},"end":{"line":42,"column":null}},"15":{"start":{"line":45,"column":4},"end":{"line":45,"column":53}},"16":{"start":{"line":47,"column":20},"end":{"line":47,"column":61}},"17":{"start":{"line":48,"column":4},"end":{"line":48,"column":40}},"18":{"start":{"line":50,"column":4},"end":{"line":50,"column":21}},"19":{"start":{"line":3,"column":0},"end":{"line":3,"column":13}}},"fnMap":{"0":{"name":"(anonymous_0)","decl":{"start":{"line":10,"column":2},"end":{"line":10,"column":null}},"loc":{"start":{"line":10,"column":2},"end":{"line":13,"column":3}}},"1":{"name":"(anonymous_1)","decl":{"start":{"line":15,"column":10},"end":{"line":15,"column":19}},"loc":{"start":{"line":15,"column":19},"end":{"line":18,"column":3}}},"2":{"name":"(anonymous_2)","decl":{"start":{"line":20,"column":2},"end":{"line":20,"column":9}},"loc":{"start":{"line":20,"column":22},"end":{"line":36,"column":3}}},"3":{"name":"(anonymous_3)","decl":{"start":{"line":38,"column":2},"end":{"line":38,"column":9}},"loc":{"start":{"line":38,"column":56},"end":{"line":51,"column":3}}}},"branchMap":{"0":{"loc":{"start":{"line":21,"column":4},"end":{"line":23,"column":5}},"type":"if","locations":[{"start":{"line":21,"column":4},"end":{"line":23,"column":5}}]}},"s":{"0":1,"1":5,"2":5,"3":5,"4":5,"5":1,"6":1,"7":6,"8":1,"9":6,"10":6,"11":6,"12":6,"13":6,"14":3,"15":3,"16":3,"17":3,"18":1,"19":1},"f":{"0":5,"1":1,"2":6,"3":3},"b":{"0":[1]}}
,"/Users/pandora/VS_Code_Projects/appControllerAI/src/utils/ErrorHandler.ts": {"path":"/Users/pandora/VS_Code_Projects/appControllerAI/src/utils/ErrorHandler.ts","statementMap":{"0":{"start":{"line":3,"column":4},"end":{"line":3,"column":19}},"1":{"start":{"line":4,"column":4},"end":{"line":4,"column":34}},"2":{"start":{"line":1,"column":0},"end":{"line":1,"column":13}},"3":{"start":{"line":10,"column":4},"end":{"line":10,"column":19}},"4":{"start":{"line":11,"column":4},"end":{"line":11,"column":36}},"5":{"start":{"line":8,"column":0},"end":{"line":8,"column":13}},"6":{"start":{"line":17,"column":4},"end":{"line":17,"column":19}},"7":{"start":{"line":18,"column":4},"end":{"line":18,"column":32}},"8":{"start":{"line":15,"column":0},"end":{"line":15,"column":13}}},"fnMap":{"0":{"name":"(anonymous_0)","decl":{"start":{"line":2,"column":2},"end":{"line":2,"column":14}},"loc":{"start":{"line":2,"column":29},"end":{"line":5,"column":3}}},"1":{"name":"(anonymous_1)","decl":{"start":{"line":9,"column":2},"end":{"line":9,"column":14}},"loc":{"start":{"line":9,"column":53},"end":{"line":12,"column":3}}},"2":{"name":"(anonymous_2)","decl":{"start":{"line":16,"column":2},"end":{"line":16,"column":14}},"loc":{"start":{"line":16,"column":29},"end":{"line":19,"column":3}}}},"branchMap":{"0":{"loc":{"start":{"line":9,"column":14},"end":{"line":9,"column":53}},"type":"default-arg","locations":[{"start":{"line":9,"column":32},"end":{"line":9,"column":53}}]}},"s":{"0":0,"1":0,"2":0,"3":0,"4":0,"5":0,"6":0,"7":0,"8":0},"f":{"0":0,"1":0,"2":0},"b":{"0":[0]}}
,"/Users/pandora/VS_Code_Projects/appControllerAI/src/utils/MemoryManager.ts": {"path":"/Users/pandora/VS_Code_Projects/appControllerAI/src/utils/MemoryManager.ts","statementMap":{"0":{"start":{"line":1,"column":0},"end":{"line":1,"column":38}},"1":{"start":{"line":8,"column":4},"end":{"line":8,"column":12}},"2":{"start":{"line":5,"column":10},"end":{"line":5,"column":32}},"3":{"start":{"line":9,"column":4},"end":{"line":9,"column":25}},"4":{"start":{"line":13,"column":4},"end":{"line":15,"column":5}},"5":{"start":{"line":14,"column":6},"end":{"line":14,"column":51}},"6":{"start":{"line":16,"column":4},"end":{"line":16,"column":34}},"7":{"start":{"line":20,"column":4},"end":{"line":31,"column":14}},"8":{"start":{"line":21,"column":26},"end":{"line":21,"column":47}},"9":{"start":{"line":22,"column":23},"end":{"line":22,"column":67}},"10":{"start":{"line":24,"column":6},"end":{"line":30,"column":7}},"11":{"start":{"line":25,"column":8},"end":{"line":28,"column":11}},"12":{"start":{"line":29,"column":8},"end":{"line":29,"column":22}},"13":{"start":{"line":35,"column":46},"end":{"line":35,"column":67}},"14":{"start":{"line":36,"column":4},"end":{"line":41,"column":6}},"15":{"start":{"line":3,"column":0},"end":{"line":3,"column":13}}},"fnMap":{"0":{"name":"(anonymous_0)","decl":{"start":{"line":7,"column":2},"end":{"line":7,"column":null}},"loc":{"start":{"line":7,"column":2},"end":{"line":10,"column":3}}},"1":{"name":"(anonymous_1)","decl":{"start":{"line":12,"column":9},"end":{"line":12,"column":15}},"loc":{"start":{"line":12,"column":27},"end":{"line":17,"column":3}}},"2":{"name":"(anonymous_2)","decl":{"start":{"line":19,"column":10},"end":{"line":19,"column":23}},"loc":{"start":{"line":19,"column":23},"end":{"line":32,"column":3}}},"3":{"name":"(anonymous_3)","decl":{"start":{"line":20,"column":16},"end":{"line":20,"column":19}},"loc":{"start":{"line":20,"column":21},"end":{"line":31,"column":5}}},"4":{"name":"(anonymous_4)","decl":{"start":{"line":34,"column":9},"end":{"line":34,"column":23}},"loc":{"start":{"line":34,"column":23},"end":{"line":42,"column":3}}}},"branchMap":{"0":{"loc":{"start":{"line":13,"column":4},"end":{"line":15,"column":5}},"type":"if","locations":[{"start":{"line":13,"column":4},"end":{"line":15,"column":5}}]},"1":{"loc":{"start":{"line":24,"column":6},"end":{"line":30,"column":7}},"type":"if","locations":[{"start":{"line":24,"column":6},"end":{"line":30,"column":7}}]}},"s":{"0":0,"1":0,"2":0,"3":0,"4":0,"5":0,"6":0,"7":0,"8":0,"9":0,"10":0,"11":0,"12":0,"13":0,"14":0,"15":0},"f":{"0":0,"1":0,"2":0,"3":0,"4":0},"b":{"0":[0],"1":[0]}}
,"/Users/pandora/VS_Code_Projects/appControllerAI/src/utils/encryption.ts": {"path":"/Users/pandora/VS_Code_Projects/appControllerAI/src/utils/encryption.ts","statementMap":{"0":{"start":{"line":6,"column":0},"end":{"line":6,"column":7}},"1":{"start":{"line":22,"column":0},"end":{"line":22,"column":7}},"2":{"start":{"line":1,"column":0},"end":{"line":1,"column":28}},"3":{"start":{"line":3,"column":23},"end":{"line":3,"column":83}},"4":{"start":{"line":4,"column":18},"end":{"line":4,"column":31}},"5":{"start":{"line":7,"column":13},"end":{"line":7,"column":35}},"6":{"start":{"line":8,"column":15},"end":{"line":8,"column":37}},"7":{"start":{"line":9,"column":14},"end":{"line":9,"column":73}},"8":{"start":{"line":10,"column":17},"end":{"line":10,"column":58}},"9":{"start":{"line":12,"column":20},"end":{"line":15,"column":4}},"10":{"start":{"line":17,"column":14},"end":{"line":17,"column":33}},"11":{"start":{"line":19,"column":2},"end":{"line":19,"column":70}},"12":{"start":{"line":23,"column":14},"end":{"line":23,"column":41}},"13":{"start":{"line":24,"column":15},"end":{"line":24,"column":34}},"14":{"start":{"line":25,"column":13},"end":{"line":25,"column":33}},"15":{"start":{"line":26,"column":14},"end":{"line":26,"column":34}},"16":{"start":{"line":27,"column":20},"end":{"line":27,"column":36}},"17":{"start":{"line":29,"column":14},"end":{"line":29,"column":73}},"18":{"start":{"line":30,"column":19},"end":{"line":30,"column":62}},"19":{"start":{"line":32,"column":2},"end":{"line":32,"column":27}},"20":{"start":{"line":34,"column":2},"end":{"line":34,"column":61}}},"fnMap":{"0":{"name":"encrypt","decl":{"start":{"line":6,"column":22},"end":{"line":6,"column":29}},"loc":{"start":{"line":6,"column":42},"end":{"line":20,"column":1}}},"1":{"name":"decrypt","decl":{"start":{"line":22,"column":22},"end":{"line":22,"column":29}},"loc":{"start":{"line":22,"column":42},"end":{"line":35,"column":1}}}},"branchMap":{"0":{"loc":{"start":{"line":3,"column":23},"end":{"line":3,"column":83}},"type":"binary-expr","locations":[{"start":{"line":3,"column":23},"end":{"line":3,"column":49}},{"start":{"line":3,"column":53},"end":{"line":3,"column":83}}]}},"s":{"0":0,"1":0,"2":0,"3":0,"4":0,"5":0,"6":0,"7":0,"8":0,"9":0,"10":0,"11":0,"12":0,"13":0,"14":0,"15":0,"16":0,"17":0,"18":0,"19":0,"20":0},"f":{"0":0,"1":0},"b":{"0":[0,0]}}
,"/Users/pandora/VS_Code_Projects/appControllerAI/src/utils/errors.ts": {"path":"/Users/pandora/VS_Code_Projects/appControllerAI/src/utils/errors.ts","statementMap":{"0":{"start":{"line":8,"column":8},"end":{"line":8,"column":23}},"1":{"start":{"line":4,"column":15},"end":{"line":4,"column":27}},"2":{"start":{"line":5,"column":15},"end":{"line":5,"column":32}},"3":{"start":{"line":6,"column":15},"end":{"line":6,"column":28}},"4":{"start":{"line":9,"column":8},"end":{"line":9,"column":35}},"5":{"start":{"line":1,"column":0},"end":{"line":1,"column":13}},"6":{"start":{"line":15,"column":8},"end":{"line":15,"column":53}},"7":{"start":{"line":16,"column":8},"end":{"line":16,"column":31}},"8":{"start":{"line":13,"column":0},"end":{"line":13,"column":13}},"9":{"start":{"line":22,"column":8},"end":{"line":22,"column":42}},"10":{"start":{"line":23,"column":8},"end":{"line":23,"column":42}},"11":{"start":{"line":20,"column":0},"end":{"line":20,"column":13}},"12":{"start":{"line":29,"column":8},"end":{"line":29,"column":58}},"13":{"start":{"line":30,"column":8},"end":{"line":30,"column":39}},"14":{"start":{"line":27,"column":0},"end":{"line":27,"column":13}}},"fnMap":{"0":{"name":"(anonymous_0)","decl":{"start":{"line":2,"column":4},"end":{"line":2,"column":null}},"loc":{"start":{"line":6,"column":28},"end":{"line":10,"column":5}}},"1":{"name":"(anonymous_1)","decl":{"start":{"line":14,"column":4},"end":{"line":14,"column":16}},"loc":{"start":{"line":14,"column":68},"end":{"line":17,"column":5}}},"2":{"name":"(anonymous_2)","decl":{"start":{"line":21,"column":4},"end":{"line":21,"column":16}},"loc":{"start":{"line":21,"column":57},"end":{"line":24,"column":5}}},"3":{"name":"(anonymous_3)","decl":{"start":{"line":28,"column":4},"end":{"line":28,"column":16}},"loc":{"start":{"line":28,"column":46},"end":{"line":31,"column":5}}}},"branchMap":{"0":{"loc":{"start":{"line":5,"column":15},"end":{"line":5,"column":35}},"type":"default-arg","locations":[{"start":{"line":5,"column":32},"end":{"line":5,"column":35}}]},"1":{"loc":{"start":{"line":14,"column":33},"end":{"line":14,"column":53}},"type":"default-arg","locations":[{"start":{"line":14,"column":50},"end":{"line":14,"column":53}}]},"2":{"loc":{"start":{"line":21,"column":16},"end":{"line":21,"column":57}},"type":"default-arg","locations":[{"start":{"line":21,"column":34},"end":{"line":21,"column":57}}]}},"s":{"0":0,"1":0,"2":0,"3":0,"4":0,"5":0,"6":0,"7":0,"8":0,"9":0,"10":0,"11":0,"12":0,"13":0,"14":0},"f":{"0":0,"1":0,"2":0,"3":0},"b":{"0":[0],"1":[0],"2":[0]}}
}
